<?xml version="1.0" encoding="UTF-8"?>
<!-- Generated by org.testng.reporters.JUnitXMLReporter -->
<testsuite ignored="4" hostname="LAPTOP-37FJT3LB" failures="1" tests="13" name="Test" time="36.967" errors="0" timestamp="07 Oct 2021 12:18:59 GMT">
  <testcase classname="TestClasses.LoginTestCRM" name="LoginTest" time="24.658"/>
  <testcase classname="TestClasses.ContactsTest" name="contactLinkTest" time="4.234"/>
  <testcase classname="TestClasses.ContactsTest" name="nameTextboxTest" time="0.632"/>
  <testcase classname="TestClasses.ContactsTest" name="suffixDropdownTest" time="0.309"/>
  <testcase classname="TestClasses.ContactsTest" name="fileUploadTest" time="0.146"/>
  <testcase classname="TestClasses.ContactsTest" name="selctTitleDropdownTest" time="0.187"/>
  <testcase classname="TestClasses.AlertLinkTest" name="redirectToAlertTest" time="2.945"/>
  <testcase classname="TestClasses.AlertLinkTest" name="alertSelectTest" time="0.237"/>
  <testcase classname="TestClasses.AlertLinkTest" name="globalAlertSelectTest" time="0.17"/>
  <testcase classname="TestClasses.AlertLinkTest" name="triggerAlertSelectTest" time="0.167"/>
  <testcase classname="TestClasses.AlertLinkTest" name="emailAlertTest" time="0.172"/>
  <testcase classname="TestClasses.AlertLinkTest" name="radioButtonTest" time="0.191"/>
  <testcase classname="TestClasses.AlertLinkTest" name="saveButtonTest" time="1.959">
    <failure type="java.lang.AssertionError" message="expected [true] but found [false]">
      <![CDATA[java.lang.AssertionError: expected [true] but found [false]
at TestClasses.AlertLinkTest.saveButtonTest(AlertLinkTest.java:53)
... Removed 33 stack frames]]>
    </failure>
  </testcase> <!-- saveButtonTest -->
  <testcase classname="TestClasses.BaseClass" name="@AfterSuite tearDown" time="0.0">
    <ignored/>
  </testcase> <!-- @AfterSuite tearDown -->
  <testcase classname="TestClasses.BaseClass" name="@AfterSuite tearDown" time="0.0">
    <ignored/>
  </testcase> <!-- @AfterSuite tearDown -->
  <testcase classname="TestClasses.BaseClass" name="@BeforeSuite initBrowser" time="0.0">
    <ignored/>
  </testcase> <!-- @BeforeSuite initBrowser -->
  <testcase classname="TestClasses.BaseClass" name="@BeforeSuite initBrowser" time="0.0">
    <ignored/>
  </testcase> <!-- @BeforeSuite initBrowser -->
</testsuite> <!-- Test -->
