<?xml version="1.0" encoding="UTF-8"?>
<!-- Generated by org.testng.reporters.JUnitXMLReporter -->
<testsuite ignored="2" hostname="LAPTOP-37FJT3LB" failures="0" tests="13" name="Test" time="25.563" errors="0" timestamp="06 Oct 2021 13:22:07 GMT">
  <testcase classname="TestClasses.LoginTestCRM" name="LoginTest" time="12.323"/>
  <testcase classname="TestClasses.ContactsTest" name="contactLinkTest" time="5.033"/>
  <testcase classname="TestClasses.ContactsTest" name="nameTextboxTest" time="0.883"/>
  <testcase classname="TestClasses.ContactsTest" name="suffixDropdownTest" time="0.72"/>
  <testcase classname="TestClasses.ContactsTest" name="fileUploadTest" time="0.111"/>
  <testcase classname="TestClasses.ContactsTest" name="selctTitleDropdownTest" time="0.194"/>
  <testcase classname="TestClasses.AlertLinkTest" name="redirectToAlertTest" time="1.451"/>
  <testcase classname="TestClasses.AlertLinkTest" name="alertSelectTest" time="0.228"/>
  <testcase classname="TestClasses.AlertLinkTest" name="globalAlertSelectTest" time="0.197"/>
  <testcase classname="TestClasses.AlertLinkTest" name="triggerAlertSelectTest" time="0.175"/>
  <testcase classname="TestClasses.AlertLinkTest" name="emailAlertTest" time="0.178"/>
  <testcase classname="TestClasses.AlertLinkTest" name="radioButtonTest" time="0.141"/>
  <testcase classname="TestClasses.AlertLinkTest" name="saveButtonTest" time="3.243"/>
  <testcase classname="TestClasses.BaseClass" name="@BeforeSuite initBrowser" time="0.0">
    <ignored/>
  </testcase> <!-- @BeforeSuite initBrowser -->
  <testcase classname="TestClasses.BaseClass" name="@BeforeSuite initBrowser" time="0.0">
    <ignored/>
  </testcase> <!-- @BeforeSuite initBrowser -->
</testsuite> <!-- Test -->
