-------------------------------------------------------------------------------
Test set: TestSuite
-------------------------------------------------------------------------------
Tests run: 13, Failures: 1, Errors: 0, Skipped: 0, Time elapsed: 62.626 s <<< FAILURE! - in TestSuite
TestClasses.AlertLinkTest.saveButtonTest  Time elapsed: 2.621 s  <<< FAILURE!
java.lang.AssertionError: expected [true] but found [false]
	at TestClasses.AlertLinkTest.saveButtonTest(AlertLinkTest.java:53)

