<?xml version="1.0" encoding="UTF-8"?>
<testsuite xmlns:xsi="http://www.w3.org/2001/XMLSchema-instance" xsi:noNamespaceSchemaLocation="https://maven.apache.org/surefire/maven-surefire-plugin/xsd/surefire-test-report-3.0.xsd" version="3.0" name="TestSuite" time="62.626" tests="13" errors="0" skipped="0" failures="1">
  <properties>
[...]
</properties>
  <testcase name="LoginTest" classname="TestClasses.LoginTestCRM" time="7.781">
    <system-out><![CDATA[[TestNGContentHandler] [WARN] It is strongly recommended to add "<!DOCTYPE suite SYSTEM "http://testng.org/testng-1.0.dtd" >" at the top of your file, otherwise TestNG may fail or not work as expected.
Test case is started
]]></system-out>
    <system-err><![CDATA[log4j:WARN No appenders could be found for logger (io.github.bonigarcia.wdm.cache.ResolutionCache).
log4j:WARN Please initialize the log4j system properly.
log4j:WARN See http://logging.apache.org/log4j/1.2/faq.html#noconfig for more info.
Starting ChromeDriver 94.0.4606.61 (418b78f5838ed0b1c69bb4e51ea0252171854915-refs/branch-heads/4606@{#1204}) on port 11338
Only local connections are allowed.
Please see https://chromedriver.chromium.org/security-considerations for suggestions on keeping ChromeDriver safe.
ChromeDriver was started successfully.
Oct 21, 2021 12:31:17 PM org.openqa.selenium.remote.ProtocolHandshake createSession
INFO: Detected dialect: W3C
]]></system-err>
  </testcase>
  <testcase name="contactLinkTest" classname="TestClasses.ContactsTest" time="9.023">
    <system-out><![CDATA[Test case is successfull
Test case is started
Link text and Title is: CRMPRO
]]></system-out>
  </testcase>
  <testcase name="nameTextboxTest" classname="TestClasses.ContactsTest" time="0.577">
    <system-out><![CDATA[Test case is successfull
Test case is started
]]></system-out>
  </testcase>
  <testcase name="suffixDropdownTest" classname="TestClasses.ContactsTest" time="0.359">
    <system-out><![CDATA[Test case is successfull
Test case is started
]]></system-out>
  </testcase>
  <testcase name="fileUploadTest" classname="TestClasses.ContactsTest" time="0.153">
    <system-out><![CDATA[Test case is successfull
Test case is started
File Uploaded
]]></system-out>
  </testcase>
  <testcase name="selctTitleDropdownTest" classname="TestClasses.ContactsTest" time="0.238">
    <system-out><![CDATA[Test case is successfull
Test case is started
]]></system-out>
  </testcase>
  <testcase name="redirectToAlertTest" classname="TestClasses.AlertLinkTest" time="2.133">
    <system-out><![CDATA[Test case is successfull
Test case is started
]]></system-out>
  </testcase>
  <testcase name="alertSelectTest" classname="TestClasses.AlertLinkTest" time="0.306">
    <system-out><![CDATA[Test case is successfull
Test case is started
]]></system-out>
  </testcase>
  <testcase name="globalAlertSelectTest" classname="TestClasses.AlertLinkTest" time="0.345">
    <system-out><![CDATA[Test case is successfull
Test case is started
]]></system-out>
  </testcase>
  <testcase name="triggerAlertSelectTest" classname="TestClasses.AlertLinkTest" time="0.349">
    <system-out><![CDATA[Test case is successfull
Test case is started
]]></system-out>
  </testcase>
  <testcase name="emailAlertTest" classname="TestClasses.AlertLinkTest" time="0.185">
    <system-out><![CDATA[Test case is successfull
Test case is started
]]></system-out>
  </testcase>
  <testcase name="radioButtonTest" classname="TestClasses.AlertLinkTest" time="0.242">
    <system-out><![CDATA[Test case is successfull
Test case is started
]]></system-out>
  </testcase>
  <testcase name="saveButtonTest" classname="TestClasses.AlertLinkTest" time="2.621">
    <failure message="expected [true] but found [false]" type="java.lang.AssertionError"><![CDATA[java.lang.AssertionError: expected [true] but found [false]
	at TestClasses.AlertLinkTest.saveButtonTest(AlertLinkTest.java:53)
]]></failure>
    <system-out><![CDATA[Test case is successfull
Test case is started
]]></system-out>
  </testcase>
</testsuite>