<?xml version="1.0" encoding="UTF-8"?>
<testng-results ignored="2" total="15" passed="13" failed="0" skipped="0">
  <reporter-output>
  </reporter-output>
  <suite started-at="2021-10-06T13:21:42Z" name="NewProject" finished-at="2021-10-06T13:22:07Z" duration-ms="25563">
    <groups>
    </groups>
    <test started-at="2021-10-06T13:21:42Z" name="Test" finished-at="2021-10-06T13:22:07Z" duration-ms="25563">
      <class name="TestClasses.ContactsTest">
        <test-method signature="contactLinkTest()[pri:0, instance:TestClasses.ContactsTest@62010f5c]" started-at="2021-10-06T13:21:54Z" name="contactLinkTest" finished-at="2021-10-06T13:21:59Z" duration-ms="5033" status="PASS">
          <reporter-output>
          </reporter-output>
        </test-method> <!-- contactLinkTest -->
        <test-method signature="nameTextboxTest()[pri:1, instance:TestClasses.ContactsTest@62010f5c]" started-at="2021-10-06T13:21:59Z" name="nameTextboxTest" finished-at="2021-10-06T13:22:00Z" duration-ms="883" status="PASS">
          <reporter-output>
          </reporter-output>
        </test-method> <!-- nameTextboxTest -->
        <test-method signature="suffixDropdownTest()[pri:2, instance:TestClasses.ContactsTest@62010f5c]" started-at="2021-10-06T13:22:00Z" name="suffixDropdownTest" finished-at="2021-10-06T13:22:01Z" duration-ms="720" status="PASS">
          <reporter-output>
          </reporter-output>
        </test-method> <!-- suffixDropdownTest -->
        <test-method signature="fileUploadTest()[pri:3, instance:TestClasses.ContactsTest@62010f5c]" started-at="2021-10-06T13:22:01Z" name="fileUploadTest" finished-at="2021-10-06T13:22:01Z" duration-ms="111" status="PASS">
          <reporter-output>
          </reporter-output>
        </test-method> <!-- fileUploadTest -->
        <test-method signature="selctTitleDropdownTest()[pri:4, instance:TestClasses.ContactsTest@62010f5c]" started-at="2021-10-06T13:22:01Z" name="selctTitleDropdownTest" finished-at="2021-10-06T13:22:01Z" duration-ms="194" status="PASS">
          <reporter-output>
          </reporter-output>
        </test-method> <!-- selctTitleDropdownTest -->
      </class> <!-- TestClasses.ContactsTest -->
      <class name="TestClasses.LoginTestCRM">
        <test-method is-config="true" signature="initBrowser()[pri:0, instance:TestClasses.LoginTestCRM@70f02c32]" started-at="2021-10-06T13:21:09Z" name="initBrowser" finished-at="2021-10-06T13:21:42Z" duration-ms="32839" status="PASS">
          <reporter-output>
          </reporter-output>
        </test-method> <!-- initBrowser -->
        <test-method signature="LoginTest()[pri:0, instance:TestClasses.LoginTestCRM@70f02c32]" started-at="2021-10-06T13:21:42Z" name="LoginTest" finished-at="2021-10-06T13:21:54Z" duration-ms="12323" status="PASS">
          <reporter-output>
          </reporter-output>
        </test-method> <!-- LoginTest -->
      </class> <!-- TestClasses.LoginTestCRM -->
      <class name="TestClasses.AlertLinkTest">
        <test-method signature="redirectToAlertTest()[pri:6, instance:TestClasses.AlertLinkTest@51fadaff]" started-at="2021-10-06T13:22:01Z" name="redirectToAlertTest" finished-at="2021-10-06T13:22:03Z" duration-ms="1451" status="PASS">
          <reporter-output>
          </reporter-output>
        </test-method> <!-- redirectToAlertTest -->
        <test-method signature="alertSelectTest()[pri:7, instance:TestClasses.AlertLinkTest@51fadaff]" started-at="2021-10-06T13:22:03Z" name="alertSelectTest" finished-at="2021-10-06T13:22:03Z" duration-ms="228" status="PASS">
          <reporter-output>
          </reporter-output>
        </test-method> <!-- alertSelectTest -->
        <test-method signature="globalAlertSelectTest()[pri:8, instance:TestClasses.AlertLinkTest@51fadaff]" started-at="2021-10-06T13:22:03Z" name="globalAlertSelectTest" finished-at="2021-10-06T13:22:03Z" duration-ms="197" status="PASS">
          <reporter-output>
          </reporter-output>
        </test-method> <!-- globalAlertSelectTest -->
        <test-method signature="triggerAlertSelectTest()[pri:9, instance:TestClasses.AlertLinkTest@51fadaff]" started-at="2021-10-06T13:22:03Z" name="triggerAlertSelectTest" finished-at="2021-10-06T13:22:03Z" duration-ms="175" status="PASS">
          <reporter-output>
          </reporter-output>
        </test-method> <!-- triggerAlertSelectTest -->
        <test-method signature="emailAlertTest()[pri:10, instance:TestClasses.AlertLinkTest@51fadaff]" started-at="2021-10-06T13:22:03Z" name="emailAlertTest" finished-at="2021-10-06T13:22:04Z" duration-ms="178" status="PASS">
          <reporter-output>
          </reporter-output>
        </test-method> <!-- emailAlertTest -->
        <test-method signature="radioButtonTest()[pri:11, instance:TestClasses.AlertLinkTest@51fadaff]" started-at="2021-10-06T13:22:04Z" name="radioButtonTest" finished-at="2021-10-06T13:22:04Z" duration-ms="141" status="PASS">
          <reporter-output>
          </reporter-output>
        </test-method> <!-- radioButtonTest -->
        <test-method signature="saveButtonTest()[pri:12, instance:TestClasses.AlertLinkTest@51fadaff]" started-at="2021-10-06T13:22:04Z" name="saveButtonTest" finished-at="2021-10-06T13:22:07Z" duration-ms="3243" status="PASS">
          <reporter-output>
          </reporter-output>
        </test-method> <!-- saveButtonTest -->
      </class> <!-- TestClasses.AlertLinkTest -->
    </test> <!-- Test -->
  </suite> <!-- NewProject -->
</testng-results>
